--------------------
...Message...
From: Демьян [@pdemian]
Chat id: 370649141
Time: 18:10:02
Text: "Ggg"
Language: ru
--------------------
--------------------
...Message...
From: Демьян [@pdemian]
Chat id: 370649141
Time: 18:17:26
Text: "Zalupa"
Language: ru
--------------------
--------------------
...Message...
From: Демьян [@pdemian]
Chat id: 370649141
Time: 18:17:44
Text: "Vbhd"
Language: ru
--------------------
...Message...
From: Демьян [@pdemian]
Chat id: 370649141
Time: 18:17:46
Text: "1"
Language: ru
--------------------
...Message...
From: Демьян [@pdemian]
Chat id: 370649141
Time: 18:17:47
Text: "2"
Language: ru
--------------------
...Message...
From: Демьян [@pdemian]
Chat id: 370649141
Time: 18:17:48
Text: "3"
Language: ru
--------------------
...Message...
From: Демьян [@pdemian]
Chat id: 370649141
Time: 18:21:44
Text: "Zalupa"
Language: en
--------------------
...Message...
From: Демьян [@pdemian]
Chat id: 370649141
Time: 18:21:48
Text: "Chlen"
Language: en
--------------------
...Message...
From: Демьян [@pdemian]
Chat id: 370649141
Time: 18:38:43
Text: "Pubthe GrandMa eay"
Language: ru
--------------------
...Message...
From: Демьян [@pdemian]
Chat id: 370649141
Time: 18:38:53
Text: "/help"
Language: ru
--------------------
...Message...
From: Демьян [@pdemian]
Chat id: 370649141
Time: 18:45:37
Text: "Zalupa"
Language: en
--------------------
...Message...
From: Демьян [@pdemian]
Chat id: 370649141
Time: 18:45:47
Text: "4"
Language: en
--------------------
...Message...
From: Демьян [@pdemian]
Chat id: 370649141
Time: 18:45:48
Text: "5"
Language: en
--------------------
...Message...
From: Демьян [@pdemian]
Chat id: 370649141
Time: 18:45:49
Text: "1"
Language: en
--------------------
...Message...
From: Демьян [@pdemian]
Chat id: 370649141
Time: 18:45:49
Text: "3"
Language: en
--------------------
...Message...
From: Демьян [@pdemian]
Chat id: 370649141
Time: 18:45:50
Text: "5"
Language: en
--------------------
...Message...
From: Демьян [@pdemian]
Chat id: 370649141
Time: 18:45:51
Text: "2"
Language: en
--------------------
...Message...
From: Демьян [@pdemian]
Chat id: 370649141
Time: 18:45:51
Text: "5"
Language: en
--------------------
...Message...
From: Демьян [@pdemian]
Chat id: 370649141
Time: 18:45:52
Text: "4"
Language: en
--------------------
...Message...
From: Демьян [@pdemian]
Chat id: 370649141
Time: 18:45:52
Text: "5"
Language: en
--------------------
...Message...
From: Демьян [@pdemian]
Chat id: 370649141
Time: 18:45:52
Text: "1"
Language: en
--------------------
...Message...
From: Демьян [@pdemian]
Chat id: 370649141
Time: 18:45:53
Text: "5"
Language: en
--------------------
...Message...
From: Демьян [@pdemian]
Chat id: 370649141
Time: 18:45:53
Text: "2"
Language: en
--------------------
...Message...
From: Демьян [@pdemian]
Chat id: 370649141
Time: 18:45:54
Text: "5"
Language: en
--------------------
...Message...
From: Демьян [@pdemian]
Chat id: 370649141
Time: 18:45:54
Text: "4"
Language: en
--------------------
...Message...
From: Демьян [@pdemian]
Chat id: 370649141
Time: 18:45:54
Text: "1"
Language: en
--------------------
...Message...
From: Демьян [@pdemian]
Chat id: 370649141
Time: 18:45:54
Text: "5"
Language: en
--------------------
...Message...
From: Демьян [@pdemian]
Chat id: 370649141
Time: 18:45:56
Text: "2"
Language: en
--------------------
...Message...
From: Демьян [@pdemian]
Chat id: 370649141
Time: 18:45:57
Text: "5"
Language: en
--------------------
...Message...
From: Демьян [@pdemian]
Chat id: 370649141
Time: 19:33:15
Text: "2"
Language: ru
--------------------
...Message...
From: Демьян [@pdemian]
Chat id: 370649141
Time: 19:33:34
Text: "2"
Language: ru
--------------------
...Message...
From: Демьян [@pdemian]
Chat id: 370649141
Time: 19:33:45
Text: "Zalupa ochko"
Language: ru
--------------------
...Message...
From: Демьян [@pdemian]
Chat id: 370649141
Time: 19:34:28
Text: "Gt"
Language: ru
--------------------
...Message...
From: Демьян [@pdemian]
Chat id: 370649141
Time: 19:34:35
Text: "2"
Language: ru
--------------------
...Message...
From: Демьян [@pdemian]
Chat id: 370649141
Time: 19:38:18
Text: "/start"
Language: ru
--------------------
...Message...
From: Демьян [@pdemian]
Chat id: 370649141
Time: 19:44:42
Text: "Zalupa"
Language: ru
--------------------
...Message...
From: Демьян [@pdemian]
Chat id: 370649141
Time: 19:44:59
Text: "Zalupa"
Language: ru
--------------------
...Message...
From: Демьян [@pdemian]
Chat id: 370649141
Time: 19:49:05
Text: "Zalupa"
Language: en
--------------------
...Message...
From: Демьян [@pdemian]
Chat id: 370649141
Time: 19:49:23
Text: "/start"
Language: en
--------------------
...Message...
From: Демьян [@pdemian]
Chat id: 370649141
Time: 23:35:23
Text: "/start"
Language: ru
--------------------
...Message...
From: Демьян [@pdemian]
Chat id: 370649141
Time: 23:36:45
Text: "Vvd"
Language: ru
--------------------
...Message...
From: Демьян [@pdemian]
Chat id: 370649141
Time: 23:37:14
Text: "Ggg"
Language: ru
